<?xml version="1.0" encoding="UTF-8" ?>
<testsuites>
  <testsuite errors="1" failures="0" hostname="dhcp-140-65.vpn.chalmers.se" id="0" name="Filter" package="org.junit.runner.manipulation" tests="1" time="0.121" timestamp="2014-01-06T06:42:12">
      <properties />

      <testcase classname="org.junit.runner.manipulation.Filter" name="initializationError" time="0.119">
          <error message="No tests found matching grails test target pattern filter from org.junit.runner.Request$1@73974028" type="java.lang.Exception">java.lang.Exception: No tests found matching grails test target pattern filter from org.junit.runner.Request$1@73974028
</error>

      </testcase>

      <system-out><![CDATA[--Output from initializationError--
]]></system-out>

      <system-err><![CDATA[--Output from initializationError--
]]></system-err>

  </testsuite>
</testsuites>
