<?xml version="1.0" encoding="UTF-8" ?>
<testsuites>
  <testsuite errors="1" failures="0" hostname="dhcp-140-65.vpn.chalmers.se" id="0" name="Filter" package="org.junit.runner.manipulation" tests="1" time="2.134" timestamp="2014-01-06T07:35:10">
      <properties />

      <testcase classname="org.junit.runner.manipulation.Filter" name="initializationError" time="2.133">
          <error message="No tests found matching grails test target pattern filter from org.junit.runner.Request$1@131b92e6" type="java.lang.Exception">java.lang.Exception: No tests found matching grails test target pattern filter from org.junit.runner.Request$1@131b92e6
</error>

      </testcase>

      <system-out><![CDATA[--Output from initializationError--
]]></system-out>

      <system-err><![CDATA[--Output from initializationError--
]]></system-err>

  </testsuite>
</testsuites>
